\BOOKMARK [1][-]{section.1}{\376\377\225\356\230\230\221\315\217\360\124\214\147\054\176\304\133\236\163\260}{}% 1
\BOOKMARK [1][-]{section.2}{\376\377\230\171\166\356\150\070\137\303\150\106\147\266\116\313\176\315}{}% 2
\BOOKMARK [1][-]{section.3}{\376\377\145\160\143\156\226\306\151\202\211\310}{}% 3
\BOOKMARK [1][-]{section.4}{\376\377\230\171\166\356\221\115\177\156\145\271\154\325}{}% 4
\BOOKMARK [2][-]{subsection.4.1}{\376\377\217\320\210\114\000e\000x\000e}{section.4}% 5
\BOOKMARK [2][-]{subsection.4.2}{\376\377\117\177\165\050\000P\000y\000t\000h\000o\000n\0003\211\343\221\312\126\150\217\320\210\114\156\220\116\343\170\001}{section.4}% 6
\BOOKMARK [1][-]{section.5}{\376\377\133\236\232\214\140\035\215\357\123\312\133\236\215\365\215\357\137\204}{}% 7
\BOOKMARK [2][-]{subsection.5.1}{\376\377\145\160\143\156\230\204\131\004\164\006}{section.5}% 8
\BOOKMARK [3][-]{subsubsection.5.1.1}{\376\377\213\373\123\326\145\160\143\156}{subsection.5.1}% 9
\BOOKMARK [3][-]{subsubsection.5.1.2}{\376\377\121\231\121\372\150\074\137\017\123\026\176\323\147\234}{subsection.5.1}% 10
\BOOKMARK [3][-]{subsubsection.5.1.3}{\376\377\122\022\122\006\213\255\176\303\226\306\116\345\123\312\232\214\213\301\226\306}{subsection.5.1}% 11
\BOOKMARK [3][-]{subsubsection.5.1.4}{\376\377\230\204\131\004\164\006\000I\000t\000e\000m\000A\000t\000t\000r\000i\000b\000u\000t\000e}{subsection.5.1}% 12
\BOOKMARK [3][-]{subsubsection.5.1.5}{\376\377\213\241\173\227\000b\000i\000a\000s}{subsection.5.1}% 13
\BOOKMARK [2][-]{subsection.5.2}{\376\377\145\271\154\325\0001\377\032\121\150\134\100\152\041\127\213\000+\000b\000i\000a\000s}{section.5}% 14
\BOOKMARK [2][-]{subsection.5.3}{\376\377\145\271\154\325\0002\377\032\123\117\124\014\217\307\156\344\000+\000b\000i\000a\000s}{section.5}% 15
\BOOKMARK [2][-]{subsection.5.4}{\376\377\145\271\154\325\0003\377\032\000R\000S\000V\000D\123\312\167\351\226\065\122\035\131\313\123\026\173\126\165\145}{section.5}% 16
\BOOKMARK [3][-]{subsubsection.5.4.1}{\376\377\122\035\131\313\123\026\173\126\165\145}{subsection.5.4}% 17
\BOOKMARK [3][-]{subsubsection.5.4.2}{\376\377\136\372\152\041\217\307\172\013}{subsection.5.4}% 18
\BOOKMARK [1][-]{section.6}{\376\377\116\015\124\014\173\227\154\325\176\323\147\234\133\371\153\324}{}% 19
\BOOKMARK [1][-]{section.7}{\376\377\220\107\122\060\166\204\225\356\230\230\123\312\211\343\121\263\145\271\154\325}{}% 20
\BOOKMARK [1][-]{section.8}{\376\377\140\073\176\323}{}% 21
